<?xml version='1.0'?>
<ns2:test-suite xmlns:ns2='urn:model.allure.qatools.yandex.ru' start='1499873187740' stop='1499873207253'>
    <name>webdriver.io page</name>
    <title>webdriver.io page</title>
    <test-cases>
        <test-case start='1499873187764' status='broken' stop='1499873197819'>
            <name>should have the right title</name>
            <title>should have the right title</title>
            <labels/>
            <parameters>
                <parameter kind='environment-variable' name='capabilities' value='{"maxInstances":5,"browserName":"firefox"}'/>
                <parameter kind='environment-variable' name='spec files' value='["/home/vinayak/Documents/workspace/webdriverio-test/test/specs/spec.js"]'/>
            </parameters>
            <steps>
                <step start='1499873187810' status='broken' stop='1499873197819'>
                    <name>POST /wd/hub/session/8f126b00-0c95-43d1-b5eb-204231ac5b9f/url</name>
                    <title>POST /wd/hub/session/8f126b00-0c95-43d1-b5eb-204231ac5b9f/url</title>
                    <attachments>
                        <attachment title='Request' source='d8daa106-5a19-4f80-8678-1746861b1366-attachment.json' type='application/json' size='37'/>
                    </attachments>
                    <steps/>
                </step>
            </steps>
            <attachments/>
            <failure>
                <message>Timeout of 10000ms exceeded. Try to reduce the run time or increase your timeout for test specs (http://webdriver.io/guide/testrunner/timeouts.html); if returning a Promise, ensure it resolves.</message>
                <stack-trace>Error: Timeout of 10000ms exceeded. Try to reduce the run time or increase your timeout for test specs (http://webdriver.io/guide/testrunner/timeouts.html); if returning a Promise, ensure it resolves.
                    at Timeout.&lt;anonymous> (/home/vinayak/Documents/workspace/webdriverio-test/node_modules/mocha/lib/runnable.js:232:19)
                    at ontimeout (timers.js:488:11)
                    at tryOnTimeout (timers.js:323:5)
                    at Timer.listOnTimeout (timers.js:283:5)</stack-trace>
            </failure>
        </test-case>
        <test-case start='1499873197831' status='broken' stop='1499873207234'>
            <name>shoukd be able to filter for commands</name>
            <title>shoukd be able to filter for commands</title>
            <labels/>
            <parameters>
                <parameter kind='environment-variable' name='capabilities' value='{"maxInstances":5,"browserName":"firefox"}'/>
                <parameter kind='environment-variable' name='spec files' value='["/home/vinayak/Documents/workspace/webdriverio-test/test/specs/spec.js"]'/>
            </parameters>
            <steps>
                <step start='1499873197847' status='passed' stop='1499873201466'>
                    <name>POST /wd/hub/session/8f126b00-0c95-43d1-b5eb-204231ac5b9f/url</name>
                    <title>POST /wd/hub/session/8f126b00-0c95-43d1-b5eb-204231ac5b9f/url</title>
                    <attachments>
                        <attachment title='Request' source='c553ab25-6769-43d3-93e6-ed04d1a7c99a-attachment.json' type='application/json' size='45'/>
                        <attachment title='Response' source='39513fb5-e897-4790-85aa-29e6b34a20a6-attachment.json' type='application/json' size='195'/>
                    </attachments>
                    <steps/>
                </step>
                <step start='1499873201510' status='passed' stop='1499873205292'>
                    <name>GET /wd/hub/session/8f126b00-0c95-43d1-b5eb-204231ac5b9f/title</name>
                    <title>GET /wd/hub/session/8f126b00-0c95-43d1-b5eb-204231ac5b9f/title</title>
                    <attachments>
                        <attachment title='Response' source='60ed2fdb-a821-473b-b1f9-ca0203c700f9-attachment.json' type='application/json' size='196'/>
                    </attachments>
                    <steps/>
                </step>
                <step start='1499873205331' status='passed' stop='1499873205421'>
                    <name>POST /wd/hub/session/8f126b00-0c95-43d1-b5eb-204231ac5b9f/element</name>
                    <title>POST /wd/hub/session/8f126b00-0c95-43d1-b5eb-204231ac5b9f/element</title>
                    <attachments>
                        <attachment title='Request' source='f81a88b4-7102-4df4-9584-316df0376aad-attachment.json' type='application/json' size='64'/>
                        <attachment title='Response' source='5f2c4b90-8c11-46a1-9887-c7b2a0523d21-attachment.json' type='application/json' size='216'/>
                    </attachments>
                    <steps/>
                </step>
                <step start='1499873205683' status='passed' stop='1499873206176'>
                    <name>POST /wd/hub/session/8f126b00-0c95-43d1-b5eb-204231ac5b9f/element/0/clear</name>
                    <title>POST /wd/hub/session/8f126b00-0c95-43d1-b5eb-204231ac5b9f/element/0/clear</title>
                    <attachments>
                        <attachment title='Response' source='fd29f025-3679-4628-a12c-ded32807cb13-attachment.json' type='application/json' size='195'/>
                    </attachments>
                    <steps/>
                </step>
                <step start='1499873206178' status='passed' stop='1499873207082'>
                    <name>POST /wd/hub/session/8f126b00-0c95-43d1-b5eb-204231ac5b9f/element/0/value</name>
                    <title>POST /wd/hub/session/8f126b00-0c95-43d1-b5eb-204231ac5b9f/element/0/value</title>
                    <attachments>
                        <attachment title='Request' source='ed03ea85-65b1-42ad-b029-11c8fc1b6ac5-attachment.json' type='application/json' size='95'/>
                        <attachment title='Response' source='b0df4f2a-ffeb-41a4-827a-adbb46751c6b-attachment.json' type='application/json' size='196'/>
                    </attachments>
                    <steps/>
                </step>
                <step start='1499873207108' status='passed' stop='1499873207221'>
                    <name>POST /wd/hub/session/8f126b00-0c95-43d1-b5eb-204231ac5b9f/elements</name>
                    <title>POST /wd/hub/session/8f126b00-0c95-43d1-b5eb-204231ac5b9f/elements</title>
                    <attachments>
                        <attachment title='Request' source='524c5267-6abc-4847-88fe-8051a52cec3b-attachment.json' type='application/json' size='67'/>
                        <attachment title='Response' source='f85f8cc2-09af-4068-96a0-1d367edc7074-attachment.json' type='application/json' size='194'/>
                    </attachments>
                    <steps/>
                </step>
            </steps>
            <attachments>
                <attachment title='Response' source='6a373c9c-1ee5-45cd-bcfb-7d4a8398c425-attachment.json' type='application/json' size='222'/>
            </attachments>
            <failure>
                <message>expect is not defined</message>
                <stack-trace>ReferenceError: expect is not defined
                    at Context.&lt;anonymous> (/home/vinayak/Documents/workspace/webdriverio-test/test/specs/spec.js:24:7)
                    at Promise (&lt;anonymous>)
                    at F (/home/vinayak/Documents/workspace/webdriverio-test/node_modules/core-js/library/modules/_export.js:35:28)</stack-trace>
            </failure>
        </test-case>
    </test-cases>
</ns2:test-suite>