<?xml version='1.0'?>
<ns2:test-suite xmlns:ns2='urn:model.allure.qatools.yandex.ru' start='1500383265966' stop='1500383285804'>
    <name>webdriver.io page</name>
    <title>webdriver.io page</title>
    <test-cases>
        <test-case start='1500383265972' status='passed' stop='1500383282603'>
            <name>should have the right title</name>
            <title>should have the right title</title>
            <labels/>
            <parameters>
                <parameter kind='environment-variable' name='capabilities' value='{"maxInstances":5,"browserName":"firefox"}'/>
                <parameter kind='environment-variable' name='spec files' value='["/home/vinayak/Documents/workspace/webdriverio-test/test/specs/spec.js"]'/>
            </parameters>
            <steps>
                <step start='1500383266000' status='passed' stop='1500383282181'>
                    <name>POST /wd/hub/session/19b8a340-79d9-4697-b8df-da5863b07cc5/url</name>
                    <title>POST /wd/hub/session/19b8a340-79d9-4697-b8df-da5863b07cc5/url</title>
                    <attachments>
                        <attachment title='Request' source='2c4c9519-0349-4061-b2e7-405cbcec6f1d-attachment.json' type='application/json' size='37'/>
                        <attachment title='Response' source='c2a88b5a-f7c0-46c9-aec3-e1cb6a9be4bb-attachment.json' type='application/json' size='196'/>
                    </attachments>
                    <steps/>
                </step>
                <step start='1500383282228' status='passed' stop='1500383282570'>
                    <name>GET /wd/hub/session/19b8a340-79d9-4697-b8df-da5863b07cc5/title</name>
                    <title>GET /wd/hub/session/19b8a340-79d9-4697-b8df-da5863b07cc5/title</title>
                    <attachments>
                        <attachment title='Response' source='fb96ec19-6e9c-47f7-8842-4c649268bca7-attachment.json' type='application/json' size='238'/>
                    </attachments>
                    <steps/>
                </step>
            </steps>
            <attachments/>
        </test-case>
        <test-case start='1500383282625' status='pending' stop='1500383282625'>
            <name>should be able to filter results</name>
            <title>should be able to filter results</title>
            <labels/>
            <parameters/>
            <steps/>
            <attachments/>
            <failure>
                <message>Test ignored</message>
                <stack-trace>undefined</stack-trace>
            </failure>
        </test-case>
        <test-case start='1500383282626' status='broken' stop='1500383285775'>
            <name>should able to get text</name>
            <title>should able to get text</title>
            <labels/>
            <parameters>
                <parameter kind='environment-variable' name='capabilities' value='{"maxInstances":5,"browserName":"firefox"}'/>
                <parameter kind='environment-variable' name='spec files' value='["/home/vinayak/Documents/workspace/webdriverio-test/test/specs/spec.js"]'/>
            </parameters>
            <steps>
                <step start='1500383282656' status='passed' stop='1500383283614'>
                    <name>POST /wd/hub/session/19b8a340-79d9-4697-b8df-da5863b07cc5/url</name>
                    <title>POST /wd/hub/session/19b8a340-79d9-4697-b8df-da5863b07cc5/url</title>
                    <attachments>
                        <attachment title='Request' source='6084d3fc-7c67-4a67-804e-54f108e62111-attachment.json' type='application/json' size='45'/>
                        <attachment title='Response' source='26cff26c-1e47-4960-ba0d-aa5f15b213cf-attachment.json' type='application/json' size='196'/>
                    </attachments>
                    <steps/>
                </step>
                <step start='1500383283640' status='passed' stop='1500383285459'>
                    <name>POST /wd/hub/session/19b8a340-79d9-4697-b8df-da5863b07cc5/element</name>
                    <title>POST /wd/hub/session/19b8a340-79d9-4697-b8df-da5863b07cc5/element</title>
                    <attachments>
                        <attachment title='Request' source='5e2891f6-7730-4874-bcdc-adad013b9663-attachment.json' type='application/json' size='55'/>
                        <attachment title='Response' source='05a7c16a-ac73-48d6-b040-4d476dbf192a-attachment.json' type='application/json' size='191421'/>
                    </attachments>
                    <steps/>
                </step>
                <step start='1500383285492' status='passed' stop='1500383285695'>
                    <name>GET /wd/hub/session/19b8a340-79d9-4697-b8df-da5863b07cc5/screenshot</name>
                    <title>GET /wd/hub/session/19b8a340-79d9-4697-b8df-da5863b07cc5/screenshot</title>
                    <attachments>
                        <attachment title='Screenshot' source='b2df8963-ec4a-4376-a7bc-204d987ad313-attachment.png' type='image/png' size='19750'/>
                    </attachments>
                    <steps/>
                </step>
            </steps>
            <attachments/>
            <failure>
                <message>An element could not be located on the page using the given search parameters (".doc h1").</message>
                <stack-trace>Error: An element could not be located on the page using the given search parameters (".doc h1").
                    at getText() - index.js:307:3</stack-trace>
            </failure>
        </test-case>
    </test-cases>
</ns2:test-suite>